-------------------------------------------------------------------------------
Test set: ReservacionesBOTest
-------------------------------------------------------------------------------
Tests run: 10, Failures: 4, Errors: 1, Skipped: 0, Time elapsed: 0.042 s <<< FAILURE! -- in ReservacionesBOTest
ReservacionesBOTest.testEliminarReservacion -- Time elapsed: 0.008 s <<< FAILURE!
org.opentest4j.AssertionFailedError: No debería lanzar excepción al eliminar una reservación. ==> Unexpected exception thrown: excepciones.ServicioException: Error al eliminar la reservación con ID: 2
	at org.junit.jupiter.api.AssertionFailureBuilder.build(AssertionFailureBuilder.java:152)
	at org.junit.jupiter.api.AssertDoesNotThrow.createAssertionFailedError(AssertDoesNotThrow.java:84)
	at org.junit.jupiter.api.AssertDoesNotThrow.assertDoesNotThrow(AssertDoesNotThrow.java:53)
	at org.junit.jupiter.api.AssertDoesNotThrow.assertDoesNotThrow(AssertDoesNotThrow.java:40)
	at org.junit.jupiter.api.Assertions.assertDoesNotThrow(Assertions.java:3187)
	at ReservacionesBOTest.testEliminarReservacion(ReservacionesBOTest.java:95)
	at java.base/java.lang.reflect.Method.invoke(Method.java:580)
	at java.base/java.util.ArrayList.forEach(ArrayList.java:1596)
	at java.base/java.util.ArrayList.forEach(ArrayList.java:1596)
Caused by: excepciones.ServicioException: Error al eliminar la reservación con ID: 2
	at implementaciones.ReservacionesBO.eliminarReservacion(ReservacionesBO.java:136)
	at ReservacionesBOTest.lambda$testEliminarReservacion$3(ReservacionesBOTest.java:95)
	at org.junit.jupiter.api.AssertDoesNotThrow.assertDoesNotThrow(AssertDoesNotThrow.java:49)
	... 6 more

ReservacionesBOTest.testCancelarReservacion -- Time elapsed: 0.003 s <<< FAILURE!
org.opentest4j.AssertionFailedError: No debería lanzar excepción al cancelar una reservación. ==> Unexpected exception thrown: excepciones.ServicioException: Error al cancelar la reservación con ID: 1
	at org.junit.jupiter.api.AssertionFailureBuilder.build(AssertionFailureBuilder.java:152)
	at org.junit.jupiter.api.AssertDoesNotThrow.createAssertionFailedError(AssertDoesNotThrow.java:84)
	at org.junit.jupiter.api.AssertDoesNotThrow.assertDoesNotThrow(AssertDoesNotThrow.java:53)
	at org.junit.jupiter.api.AssertDoesNotThrow.assertDoesNotThrow(AssertDoesNotThrow.java:40)
	at org.junit.jupiter.api.Assertions.assertDoesNotThrow(Assertions.java:3187)
	at ReservacionesBOTest.testCancelarReservacion(ReservacionesBOTest.java:41)
	at java.base/java.lang.reflect.Method.invoke(Method.java:580)
	at java.base/java.util.ArrayList.forEach(ArrayList.java:1596)
	at java.base/java.util.ArrayList.forEach(ArrayList.java:1596)
Caused by: excepciones.ServicioException: Error al cancelar la reservación con ID: 1
	at implementaciones.ReservacionesBO.cancelarReservacion(ReservacionesBO.java:67)
	at ReservacionesBOTest.lambda$testCancelarReservacion$0(ReservacionesBOTest.java:41)
	at org.junit.jupiter.api.AssertDoesNotThrow.assertDoesNotThrow(AssertDoesNotThrow.java:49)
	... 6 more

ReservacionesBOTest.testObtenerReservacionPorID -- Time elapsed: 0.002 s <<< ERROR!
excepciones.ServicioException: Error al obtener reservación con ID: 1
	at implementaciones.ReservacionesBO.obtenerReservacionPorID(ReservacionesBO.java:107)
	at ReservacionesBOTest.testObtenerReservacionPorID(ReservacionesBOTest.java:69)
	at java.base/java.lang.reflect.Method.invoke(Method.java:580)
	at java.base/java.util.ArrayList.forEach(ArrayList.java:1596)
	at java.base/java.util.ArrayList.forEach(ArrayList.java:1596)

ReservacionesBOTest.testAgregarReservacion -- Time elapsed: 0.002 s <<< FAILURE!
org.opentest4j.AssertionFailedError: No debería lanzar excepción al agregar una reservación. ==> Unexpected exception thrown: excepciones.ServicioException: Error al agregar la reservación
	at org.junit.jupiter.api.AssertionFailureBuilder.build(AssertionFailureBuilder.java:152)
	at org.junit.jupiter.api.AssertDoesNotThrow.createAssertionFailedError(AssertDoesNotThrow.java:84)
	at org.junit.jupiter.api.AssertDoesNotThrow.assertDoesNotThrow(AssertDoesNotThrow.java:53)
	at org.junit.jupiter.api.AssertDoesNotThrow.assertDoesNotThrow(AssertDoesNotThrow.java:40)
	at org.junit.jupiter.api.Assertions.assertDoesNotThrow(Assertions.java:3187)
	at ReservacionesBOTest.testAgregarReservacion(ReservacionesBOTest.java:80)
	at java.base/java.lang.reflect.Method.invoke(Method.java:580)
	at java.base/java.util.ArrayList.forEach(ArrayList.java:1596)
	at java.base/java.util.ArrayList.forEach(ArrayList.java:1596)
Caused by: excepciones.ServicioException: Error al agregar la reservación
	at implementaciones.ReservacionesBO.agregarReservacion(ReservacionesBO.java:117)
	at ReservacionesBOTest.lambda$testAgregarReservacion$1(ReservacionesBOTest.java:80)
	at org.junit.jupiter.api.AssertDoesNotThrow.assertDoesNotThrow(AssertDoesNotThrow.java:49)
	... 6 more

ReservacionesBOTest.testActualizarReservacion -- Time elapsed: 0.002 s <<< FAILURE!
org.opentest4j.AssertionFailedError: No debería lanzar excepción al actualizar una reservación. ==> Unexpected exception thrown: excepciones.ServicioException: Error al actualizar la reservación
	at org.junit.jupiter.api.AssertionFailureBuilder.build(AssertionFailureBuilder.java:152)
	at org.junit.jupiter.api.AssertDoesNotThrow.createAssertionFailedError(AssertDoesNotThrow.java:84)
	at org.junit.jupiter.api.AssertDoesNotThrow.assertDoesNotThrow(AssertDoesNotThrow.java:53)
	at org.junit.jupiter.api.AssertDoesNotThrow.assertDoesNotThrow(AssertDoesNotThrow.java:40)
	at org.junit.jupiter.api.Assertions.assertDoesNotThrow(Assertions.java:3187)
	at ReservacionesBOTest.testActualizarReservacion(ReservacionesBOTest.java:88)
	at java.base/java.lang.reflect.Method.invoke(Method.java:580)
	at java.base/java.util.ArrayList.forEach(ArrayList.java:1596)
	at java.base/java.util.ArrayList.forEach(ArrayList.java:1596)
Caused by: excepciones.ServicioException: Error al actualizar la reservación
	at implementaciones.ReservacionesBO.actualizarReservacion(ReservacionesBO.java:127)
	at ReservacionesBOTest.lambda$testActualizarReservacion$2(ReservacionesBOTest.java:88)
	at org.junit.jupiter.api.AssertDoesNotThrow.assertDoesNotThrow(AssertDoesNotThrow.java:49)
	... 6 more

