<?xml version="1.0" encoding="UTF-8"?>
<testsuite xmlns:xsi="http://www.w3.org/2001/XMLSchema-instance" xsi:noNamespaceSchemaLocation="https://maven.apache.org/surefire/maven-surefire-plugin/xsd/surefire-test-report-3.0.xsd" version="3.0" name="implementaciones.ReservacionesBOTest_SinMocks" time="1.037" tests="10" errors="0" skipped="0" failures="5">
  <properties>
[...]
</properties>
  <testcase name="testObtenerReservacionesDeMesa_MesaInexistente" classname="implementaciones.ReservacionesBOTest_SinMocks" time="0.884">
    <system-out><![CDATA[[EL Info]: 2024-10-26 01:49:22.132--ServerSession(7829163)--EclipseLink, version: Eclipse Persistence Services - 2.7.12.v20230209-e5c4074ef3
]]></system-out>
  </testcase>
  <testcase name="testCancelarReservacion_NoEncontrado" classname="implementaciones.ReservacionesBOTest_SinMocks" time="0.006"/>
  <testcase name="testObtenerReservacionesCliente_Exitoso" classname="implementaciones.ReservacionesBOTest_SinMocks" time="0.025"/>
  <testcase name="testEliminarReservacion_Exitoso" classname="implementaciones.ReservacionesBOTest_SinMocks" time="0.009">
    <failure message="Unexpected exception thrown: excepciones.ServicioException: No se encontro la reservacion a eliminar" type="org.opentest4j.AssertionFailedError"><![CDATA[org.opentest4j.AssertionFailedError: Unexpected exception thrown: excepciones.ServicioException: No se encontro la reservacion a eliminar
	at org.junit.jupiter.api.AssertionFailureBuilder.build(AssertionFailureBuilder.java:152)
	at org.junit.jupiter.api.AssertDoesNotThrow.createAssertionFailedError(AssertDoesNotThrow.java:84)
	at org.junit.jupiter.api.AssertDoesNotThrow.assertDoesNotThrow(AssertDoesNotThrow.java:53)
	at org.junit.jupiter.api.AssertDoesNotThrow.assertDoesNotThrow(AssertDoesNotThrow.java:36)
	at org.junit.jupiter.api.Assertions.assertDoesNotThrow(Assertions.java:3168)
	at implementaciones.ReservacionesBOTest_SinMocks.testEliminarReservacion_Exitoso(ReservacionesBOTest_SinMocks.java:158)
	at java.base/java.lang.reflect.Method.invoke(Method.java:580)
	at java.base/java.util.ArrayList.forEach(ArrayList.java:1596)
	at java.base/java.util.ArrayList.forEach(ArrayList.java:1596)
Caused by: excepciones.ServicioException: No se encontro la reservacion a eliminar
	at implementaciones.ReservacionesBO.eliminarReservacion(ReservacionesBO.java:137)
	at implementaciones.ReservacionesBOTest_SinMocks.lambda$testEliminarReservacion_Exitoso$5(ReservacionesBOTest_SinMocks.java:158)
	at org.junit.jupiter.api.AssertDoesNotThrow.assertDoesNotThrow(AssertDoesNotThrow.java:49)
	... 6 more
]]></failure>
  </testcase>
  <testcase name="testCancelarReservacion_Exitoso" classname="implementaciones.ReservacionesBOTest_SinMocks" time="0.002">
    <failure message="Unexpected exception thrown: excepciones.ServicioException: La reservacion ya fue cancelada con anterioridad" type="org.opentest4j.AssertionFailedError"><![CDATA[org.opentest4j.AssertionFailedError: Unexpected exception thrown: excepciones.ServicioException: La reservacion ya fue cancelada con anterioridad
	at org.junit.jupiter.api.AssertionFailureBuilder.build(AssertionFailureBuilder.java:152)
	at org.junit.jupiter.api.AssertDoesNotThrow.createAssertionFailedError(AssertDoesNotThrow.java:84)
	at org.junit.jupiter.api.AssertDoesNotThrow.assertDoesNotThrow(AssertDoesNotThrow.java:53)
	at org.junit.jupiter.api.AssertDoesNotThrow.assertDoesNotThrow(AssertDoesNotThrow.java:36)
	at org.junit.jupiter.api.Assertions.assertDoesNotThrow(Assertions.java:3168)
	at implementaciones.ReservacionesBOTest_SinMocks.testCancelarReservacion_Exitoso(ReservacionesBOTest_SinMocks.java:77)
	at java.base/java.lang.reflect.Method.invoke(Method.java:580)
	at java.base/java.util.ArrayList.forEach(ArrayList.java:1596)
	at java.base/java.util.ArrayList.forEach(ArrayList.java:1596)
Caused by: excepciones.ServicioException: La reservacion ya fue cancelada con anterioridad
	at implementaciones.ReservacionesBO.cancelarReservacion(ReservacionesBO.java:68)
	at implementaciones.ReservacionesBOTest_SinMocks.lambda$testCancelarReservacion_Exitoso$1(ReservacionesBOTest_SinMocks.java:77)
	at org.junit.jupiter.api.AssertDoesNotThrow.assertDoesNotThrow(AssertDoesNotThrow.java:49)
	... 6 more
]]></failure>
  </testcase>
  <testcase name="testObtenerReservacionPorID_Exitoso" classname="implementaciones.ReservacionesBOTest_SinMocks" time="0.002"/>
  <testcase name="testObtenerReservacionesDeMesa_Exitoso" classname="implementaciones.ReservacionesBOTest_SinMocks" time="0.005">
    <failure message="La lista no debe estar vacia ==&gt; expected: &lt;false&gt; but was: &lt;true&gt;" type="org.opentest4j.AssertionFailedError"><![CDATA[org.opentest4j.AssertionFailedError: La lista no debe estar vacia ==> expected: <false> but was: <true>
	at org.junit.jupiter.api.AssertionFailureBuilder.build(AssertionFailureBuilder.java:151)
	at org.junit.jupiter.api.AssertionFailureBuilder.buildAndThrow(AssertionFailureBuilder.java:132)
	at org.junit.jupiter.api.AssertFalse.failNotFalse(AssertFalse.java:63)
	at org.junit.jupiter.api.AssertFalse.assertFalse(AssertFalse.java:36)
	at org.junit.jupiter.api.Assertions.assertFalse(Assertions.java:239)
	at implementaciones.ReservacionesBOTest_SinMocks.testObtenerReservacionesDeMesa_Exitoso(ReservacionesBOTest_SinMocks.java:56)
	at java.base/java.lang.reflect.Method.invoke(Method.java:580)
	at java.base/java.util.ArrayList.forEach(ArrayList.java:1596)
	at java.base/java.util.ArrayList.forEach(ArrayList.java:1596)
]]></failure>
  </testcase>
  <testcase name="testObtenerReservacionesPorPeriodo_Exitoso" classname="implementaciones.ReservacionesBOTest_SinMocks" time="0.01"/>
  <testcase name="testActualizarReservacion_Exitoso" classname="implementaciones.ReservacionesBOTest_SinMocks" time="0.03">
    <failure message="Unexpected exception thrown: excepciones.ServicioException: La reservacion que se desea actualizar ya concluyo o fue cancelada" type="org.opentest4j.AssertionFailedError"><![CDATA[org.opentest4j.AssertionFailedError: Unexpected exception thrown: excepciones.ServicioException: La reservacion que se desea actualizar ya concluyo o fue cancelada
	at org.junit.jupiter.api.AssertionFailureBuilder.build(AssertionFailureBuilder.java:152)
	at org.junit.jupiter.api.AssertDoesNotThrow.createAssertionFailedError(AssertDoesNotThrow.java:84)
	at org.junit.jupiter.api.AssertDoesNotThrow.assertDoesNotThrow(AssertDoesNotThrow.java:53)
	at org.junit.jupiter.api.AssertDoesNotThrow.assertDoesNotThrow(AssertDoesNotThrow.java:36)
	at org.junit.jupiter.api.Assertions.assertDoesNotThrow(Assertions.java:3168)
	at implementaciones.ReservacionesBOTest_SinMocks.testActualizarReservacion_Exitoso(ReservacionesBOTest_SinMocks.java:132)
	at java.base/java.lang.reflect.Method.invoke(Method.java:580)
	at java.base/java.util.ArrayList.forEach(ArrayList.java:1596)
	at java.base/java.util.ArrayList.forEach(ArrayList.java:1596)
Caused by: excepciones.ServicioException: La reservacion que se desea actualizar ya concluyo o fue cancelada
	at implementaciones.ReservacionesBO.actualizarReservacion(ReservacionesBO.java:128)
	at implementaciones.ReservacionesBOTest_SinMocks.lambda$testActualizarReservacion_Exitoso$4(ReservacionesBOTest_SinMocks.java:132)
	at org.junit.jupiter.api.AssertDoesNotThrow.assertDoesNotThrow(AssertDoesNotThrow.java:49)
	... 6 more
]]></failure>
  </testcase>
  <testcase name="testAgregarReservacion_Exitoso" classname="implementaciones.ReservacionesBOTest_SinMocks" time="0.022">
    <failure message="Unexpected exception thrown: excepciones.ServicioException: No se puede realizar la reservacion debido a que el cliente cuenta con una reservacion activa" type="org.opentest4j.AssertionFailedError"><![CDATA[org.opentest4j.AssertionFailedError: Unexpected exception thrown: excepciones.ServicioException: No se puede realizar la reservacion debido a que el cliente cuenta con una reservacion activa
	at org.junit.jupiter.api.AssertionFailureBuilder.build(AssertionFailureBuilder.java:152)
	at org.junit.jupiter.api.AssertDoesNotThrow.createAssertionFailedError(AssertDoesNotThrow.java:84)
	at org.junit.jupiter.api.AssertDoesNotThrow.assertDoesNotThrow(AssertDoesNotThrow.java:53)
	at org.junit.jupiter.api.AssertDoesNotThrow.assertDoesNotThrow(AssertDoesNotThrow.java:36)
	at org.junit.jupiter.api.Assertions.assertDoesNotThrow(Assertions.java:3168)
	at implementaciones.ReservacionesBOTest_SinMocks.testAgregarReservacion_Exitoso(ReservacionesBOTest_SinMocks.java:115)
	at java.base/java.lang.reflect.Method.invoke(Method.java:580)
	at java.base/java.util.ArrayList.forEach(ArrayList.java:1596)
	at java.base/java.util.ArrayList.forEach(ArrayList.java:1596)
Caused by: excepciones.ServicioException: No se puede realizar la reservacion debido a que el cliente cuenta con una reservacion activa
	at implementaciones.ReservacionesBO.agregarReservacion(ReservacionesBO.java:118)
	at implementaciones.ReservacionesBOTest_SinMocks.lambda$testAgregarReservacion_Exitoso$3(ReservacionesBOTest_SinMocks.java:115)
	at org.junit.jupiter.api.AssertDoesNotThrow.assertDoesNotThrow(AssertDoesNotThrow.java:49)
	... 6 more
]]></failure>
  </testcase>
</testsuite>