<?xml version="1.0" encoding="UTF-8"?>
<testsuite xmlns:xsi="http://www.w3.org/2001/XMLSchema-instance" xsi:noNamespaceSchemaLocation="https://maven.apache.org/surefire/maven-surefire-plugin/xsd/surefire-test-report-3.0.xsd" version="3.0" name="implementaciones.ReservacionesBOTest" time="0.499" tests="11" errors="11" skipped="0" failures="0">
  <properties>
[...]
</properties>
  <testcase name="testObtenerReservacionesDeMesa_Error" classname="implementaciones.ReservacionesBOTest" time="0.429">
    <error message="Cannot invoke &quot;java.util.function.Function.apply(Object)&quot; because &quot;this.fromDto&quot; is null" type="java.lang.NullPointerException"><![CDATA[java.lang.NullPointerException: Cannot invoke "java.util.function.Function.apply(Object)" because "this.fromDto" is null
	at dto.convertidores.Converter.convertFromDto(Converter.java:30)
	at implementaciones.ReservacionesBOTest.setUp(ReservacionesBOTest.java:77)
	at java.base/java.lang.reflect.Method.invoke(Method.java:580)
	at java.base/java.util.ArrayList.forEach(ArrayList.java:1596)
	at java.base/java.util.ArrayList.forEach(ArrayList.java:1596)
]]></error>
  </testcase>
  <testcase name="testCancelarReservacion_NoEncontrado" classname="implementaciones.ReservacionesBOTest" time="0.003">
    <error message="Cannot invoke &quot;java.util.function.Function.apply(Object)&quot; because &quot;this.fromDto&quot; is null" type="java.lang.NullPointerException"><![CDATA[java.lang.NullPointerException: Cannot invoke "java.util.function.Function.apply(Object)" because "this.fromDto" is null
	at dto.convertidores.Converter.convertFromDto(Converter.java:30)
	at implementaciones.ReservacionesBOTest.setUp(ReservacionesBOTest.java:77)
	at java.base/java.lang.reflect.Method.invoke(Method.java:580)
	at java.base/java.util.ArrayList.forEach(ArrayList.java:1596)
	at java.base/java.util.ArrayList.forEach(ArrayList.java:1596)
]]></error>
  </testcase>
  <testcase name="testObtenerReservacionesCliente_Exitoso" classname="implementaciones.ReservacionesBOTest" time="0.002">
    <error message="Cannot invoke &quot;java.util.function.Function.apply(Object)&quot; because &quot;this.fromDto&quot; is null" type="java.lang.NullPointerException"><![CDATA[java.lang.NullPointerException: Cannot invoke "java.util.function.Function.apply(Object)" because "this.fromDto" is null
	at dto.convertidores.Converter.convertFromDto(Converter.java:30)
	at implementaciones.ReservacionesBOTest.setUp(ReservacionesBOTest.java:77)
	at java.base/java.lang.reflect.Method.invoke(Method.java:580)
	at java.base/java.util.ArrayList.forEach(ArrayList.java:1596)
	at java.base/java.util.ArrayList.forEach(ArrayList.java:1596)
]]></error>
  </testcase>
  <testcase name="testEliminarReservacion_Exitoso" classname="implementaciones.ReservacionesBOTest" time="0.003">
    <error message="Cannot invoke &quot;java.util.function.Function.apply(Object)&quot; because &quot;this.fromDto&quot; is null" type="java.lang.NullPointerException"><![CDATA[java.lang.NullPointerException: Cannot invoke "java.util.function.Function.apply(Object)" because "this.fromDto" is null
	at dto.convertidores.Converter.convertFromDto(Converter.java:30)
	at implementaciones.ReservacionesBOTest.setUp(ReservacionesBOTest.java:77)
	at java.base/java.lang.reflect.Method.invoke(Method.java:580)
	at java.base/java.util.ArrayList.forEach(ArrayList.java:1596)
	at java.base/java.util.ArrayList.forEach(ArrayList.java:1596)
]]></error>
  </testcase>
  <testcase name="testCancelarReservacion_Exitoso" classname="implementaciones.ReservacionesBOTest" time="0.001">
    <error message="Cannot invoke &quot;java.util.function.Function.apply(Object)&quot; because &quot;this.fromDto&quot; is null" type="java.lang.NullPointerException"><![CDATA[java.lang.NullPointerException: Cannot invoke "java.util.function.Function.apply(Object)" because "this.fromDto" is null
	at dto.convertidores.Converter.convertFromDto(Converter.java:30)
	at implementaciones.ReservacionesBOTest.setUp(ReservacionesBOTest.java:77)
	at java.base/java.lang.reflect.Method.invoke(Method.java:580)
	at java.base/java.util.ArrayList.forEach(ArrayList.java:1596)
	at java.base/java.util.ArrayList.forEach(ArrayList.java:1596)
]]></error>
  </testcase>
  <testcase name="testObtenerReservacionPorID_Exitoso" classname="implementaciones.ReservacionesBOTest" time="0.002">
    <error message="Cannot invoke &quot;java.util.function.Function.apply(Object)&quot; because &quot;this.fromDto&quot; is null" type="java.lang.NullPointerException"><![CDATA[java.lang.NullPointerException: Cannot invoke "java.util.function.Function.apply(Object)" because "this.fromDto" is null
	at dto.convertidores.Converter.convertFromDto(Converter.java:30)
	at implementaciones.ReservacionesBOTest.setUp(ReservacionesBOTest.java:77)
	at java.base/java.lang.reflect.Method.invoke(Method.java:580)
	at java.base/java.util.ArrayList.forEach(ArrayList.java:1596)
	at java.base/java.util.ArrayList.forEach(ArrayList.java:1596)
]]></error>
  </testcase>
  <testcase name="testObtenerReservacionesDeMesa_Exitoso" classname="implementaciones.ReservacionesBOTest" time="0.002">
    <error message="Cannot invoke &quot;java.util.function.Function.apply(Object)&quot; because &quot;this.fromDto&quot; is null" type="java.lang.NullPointerException"><![CDATA[java.lang.NullPointerException: Cannot invoke "java.util.function.Function.apply(Object)" because "this.fromDto" is null
	at dto.convertidores.Converter.convertFromDto(Converter.java:30)
	at implementaciones.ReservacionesBOTest.setUp(ReservacionesBOTest.java:77)
	at java.base/java.lang.reflect.Method.invoke(Method.java:580)
	at java.base/java.util.ArrayList.forEach(ArrayList.java:1596)
	at java.base/java.util.ArrayList.forEach(ArrayList.java:1596)
]]></error>
  </testcase>
  <testcase name="testObtenerReservacionesPorPeriodo_Exitoso" classname="implementaciones.ReservacionesBOTest" time="0.002">
    <error message="Cannot invoke &quot;java.util.function.Function.apply(Object)&quot; because &quot;this.fromDto&quot; is null" type="java.lang.NullPointerException"><![CDATA[java.lang.NullPointerException: Cannot invoke "java.util.function.Function.apply(Object)" because "this.fromDto" is null
	at dto.convertidores.Converter.convertFromDto(Converter.java:30)
	at implementaciones.ReservacionesBOTest.setUp(ReservacionesBOTest.java:77)
	at java.base/java.lang.reflect.Method.invoke(Method.java:580)
	at java.base/java.util.ArrayList.forEach(ArrayList.java:1596)
	at java.base/java.util.ArrayList.forEach(ArrayList.java:1596)
]]></error>
  </testcase>
  <testcase name="testActualizarReservacion_Exitoso" classname="implementaciones.ReservacionesBOTest" time="0.001">
    <error message="Cannot invoke &quot;java.util.function.Function.apply(Object)&quot; because &quot;this.fromDto&quot; is null" type="java.lang.NullPointerException"><![CDATA[java.lang.NullPointerException: Cannot invoke "java.util.function.Function.apply(Object)" because "this.fromDto" is null
	at dto.convertidores.Converter.convertFromDto(Converter.java:30)
	at implementaciones.ReservacionesBOTest.setUp(ReservacionesBOTest.java:77)
	at java.base/java.lang.reflect.Method.invoke(Method.java:580)
	at java.base/java.util.ArrayList.forEach(ArrayList.java:1596)
	at java.base/java.util.ArrayList.forEach(ArrayList.java:1596)
]]></error>
  </testcase>
  <testcase name="testAgregarReservacion_Exitoso" classname="implementaciones.ReservacionesBOTest" time="0.001">
    <error message="Cannot invoke &quot;java.util.function.Function.apply(Object)&quot; because &quot;this.fromDto&quot; is null" type="java.lang.NullPointerException"><![CDATA[java.lang.NullPointerException: Cannot invoke "java.util.function.Function.apply(Object)" because "this.fromDto" is null
	at dto.convertidores.Converter.convertFromDto(Converter.java:30)
	at implementaciones.ReservacionesBOTest.setUp(ReservacionesBOTest.java:77)
	at java.base/java.lang.reflect.Method.invoke(Method.java:580)
	at java.base/java.util.ArrayList.forEach(ArrayList.java:1596)
	at java.base/java.util.ArrayList.forEach(ArrayList.java:1596)
]]></error>
  </testcase>
  <testcase name="testGetInstance" classname="implementaciones.ReservacionesBOTest" time="0.002">
    <error message="Cannot invoke &quot;java.util.function.Function.apply(Object)&quot; because &quot;this.fromDto&quot; is null" type="java.lang.NullPointerException"><![CDATA[java.lang.NullPointerException: Cannot invoke "java.util.function.Function.apply(Object)" because "this.fromDto" is null
	at dto.convertidores.Converter.convertFromDto(Converter.java:30)
	at implementaciones.ReservacionesBOTest.setUp(ReservacionesBOTest.java:77)
	at java.base/java.lang.reflect.Method.invoke(Method.java:580)
	at java.base/java.util.ArrayList.forEach(ArrayList.java:1596)
	at java.base/java.util.ArrayList.forEach(ArrayList.java:1596)
]]></error>
  </testcase>
</testsuite>