<?xml version="1.0" encoding="UTF-8"?>
<testsuite xmlns:xsi="http://www.w3.org/2001/XMLSchema-instance" xsi:noNamespaceSchemaLocation="https://maven.apache.org/surefire/maven-surefire-plugin/xsd/surefire-test-report-3.0.xsd" version="3.0" name="dto.convertidores.ClienteConvertidorTest" time="0.066" tests="2" errors="0" skipped="0" failures="0">
  <properties>
[...]
</properties>
  <testcase name="testConvertirAEntidad" classname="dto.convertidores.ClienteConvertidorTest" time="0.034">
    <system-out><![CDATA[convertirAEntidad
]]></system-out>
  </testcase>
  <testcase name="testConvertirADTO" classname="dto.convertidores.ClienteConvertidorTest" time="0.002">
    <system-out><![CDATA[convertirADTO
]]></system-out>
  </testcase>
</testsuite>